<?xml version="1.0" encoding="UTF-8"?>
<robot generator="Robot 6.1.1 (Python 3.10.11 on win32)" generated="20240716 17:30:22.377" rpa="false" schemaversion="4">
<suite id="s1" name="Hello" source="c:\Users\v-amarnathms\Function Testing\Hello.robot">
<test id="s1-t1" name="Open VS Code and Create Azure Function Project" line="12">
<kw name="Open VS Code">
<doc>Opens Visual Studio Code.</doc>
<kw name="Start Process" library="Process">
<arg>${VS_CODE_PATH}</arg>
<doc>Starts a new process on background.</doc>
<msg timestamp="20240716 17:30:23.008" level="INFO">Starting process:
"C:\Users\v-amarnathms\AppData\Local\Programs\Microsoft VS Code\Code.exe"</msg>
<status status="PASS" starttime="20240716 17:30:23.008" endtime="20240716 17:30:23.028"/>
</kw>
<kw name="Sleep" library="BuiltIn">
<arg>10s</arg>
<doc>Pauses the test executed for the given time.</doc>
<msg timestamp="20240716 17:30:33.032" level="INFO">Slept 10 seconds</msg>
<status status="PASS" starttime="20240716 17:30:23.028" endtime="20240716 17:30:33.033"/>
</kw>
<status status="PASS" starttime="20240716 17:30:23.008" endtime="20240716 17:30:33.033"/>
</kw>
<kw name="Execute Azure Functions Command">
<doc>Executes Azure Functions command.</doc>
<kw name="Press Keys" library="RPA.Desktop">
<arg>f1</arg>
<doc>Press multiple keys down simultaneously.</doc>
<msg timestamp="20240716 17:30:33.036" level="INFO">Pressing keys: Key.f1</msg>
<status status="PASS" starttime="20240716 17:30:33.036" endtime="20240716 17:30:33.036"/>
</kw>
<kw name="Sleep" library="BuiltIn">
<arg>2s</arg>
<doc>Pauses the test executed for the given time.</doc>
<msg timestamp="20240716 17:30:35.048" level="INFO">Slept 2 seconds</msg>
<status status="PASS" starttime="20240716 17:30:33.036" endtime="20240716 17:30:35.049"/>
</kw>
<kw name="Type Text" library="RPA.Desktop">
<arg>Azure Functions: Create New Project</arg>
<doc>Type text one letter at a time.</doc>
<status status="PASS" starttime="20240716 17:30:35.049" endtime="20240716 17:30:35.059"/>
</kw>
<kw name="Press Keys" library="RPA.Desktop">
<arg>enter</arg>
<doc>Press multiple keys down simultaneously.</doc>
<msg timestamp="20240716 17:30:35.059" level="INFO">Pressing keys: Key.enter</msg>
<status status="PASS" starttime="20240716 17:30:35.059" endtime="20240716 17:30:35.164"/>
</kw>
<kw name="Sleep" library="BuiltIn">
<arg>5s</arg>
<doc>Pauses the test executed for the given time.</doc>
<msg timestamp="20240716 17:30:40.180" level="INFO">Slept 5 seconds</msg>
<status status="PASS" starttime="20240716 17:30:35.166" endtime="20240716 17:30:40.180"/>
</kw>
<status status="PASS" starttime="20240716 17:30:33.036" endtime="20240716 17:30:40.181"/>
</kw>
<kw name="Wait For Dialog">
<var>${dialog_visible}</var>
<doc>Waits for a dialog to appear.</doc>
<kw name="Sleep" library="BuiltIn">
<arg>5s</arg>
<doc>Pauses the test executed for the given time.</doc>
<msg timestamp="20240716 17:30:45.194" level="INFO">Slept 5 seconds</msg>
<status status="PASS" starttime="20240716 17:30:40.183" endtime="20240716 17:30:45.195"/>
</kw>
<msg timestamp="20240716 17:30:45.195" level="INFO">${dialog_visible} = None</msg>
<status status="PASS" starttime="20240716 17:30:40.182" endtime="20240716 17:30:45.196"/>
</kw>
<kw name="Select Folder for Project">
<arg>${dialog_visible}</arg>
<doc>Selects a folder for the newly created project.</doc>
<kw name="Press Keys" library="RPA.Desktop">
<arg>tab</arg>
<doc>Press multiple keys down simultaneously.</doc>
<msg timestamp="20240716 17:30:45.197" level="INFO">Pressing keys: Key.tab</msg>
<status status="PASS" starttime="20240716 17:30:45.197" endtime="20240716 17:30:45.198"/>
</kw>
<kw name="Press Keys" library="RPA.Desktop">
<arg>tab</arg>
<doc>Press multiple keys down simultaneously.</doc>
<msg timestamp="20240716 17:30:45.200" level="INFO">Pressing keys: Key.tab</msg>
<status status="PASS" starttime="20240716 17:30:45.199" endtime="20240716 17:30:45.314"/>
</kw>
<kw name="Press Keys" library="RPA.Desktop">
<arg>tab</arg>
<doc>Press multiple keys down simultaneously.</doc>
<msg timestamp="20240716 17:30:45.315" level="INFO">Pressing keys: Key.tab</msg>
<status status="PASS" starttime="20240716 17:30:45.314" endtime="20240716 17:30:45.415"/>
</kw>
<kw name="Press Keys" library="RPA.Desktop">
<arg>tab</arg>
<doc>Press multiple keys down simultaneously.</doc>
<msg timestamp="20240716 17:30:45.415" level="INFO">Pressing keys: Key.tab</msg>
<status status="PASS" starttime="20240716 17:30:45.415" endtime="20240716 17:30:45.530"/>
</kw>
<kw name="Press Keys" library="RPA.Desktop">
<arg>enter</arg>
<doc>Press multiple keys down simultaneously.</doc>
<msg timestamp="20240716 17:30:45.530" level="INFO">Pressing keys: Key.enter</msg>
<status status="PASS" starttime="20240716 17:30:45.530" endtime="20240716 17:30:45.645"/>
</kw>
<kw name="Sleep" library="BuiltIn">
<arg>2s</arg>
<doc>Pauses the test executed for the given time.</doc>
<msg timestamp="20240716 17:30:47.659" level="INFO">Slept 2 seconds</msg>
<status status="PASS" starttime="20240716 17:30:45.645" endtime="20240716 17:30:47.661"/>
</kw>
<kw name="Type Text" library="RPA.Desktop">
<arg>${PROJECT_PATH}</arg>
<doc>Type text one letter at a time.</doc>
<status status="PASS" starttime="20240716 17:30:47.662" endtime="20240716 17:30:47.684"/>
</kw>
<kw name="Press Keys" library="RPA.Desktop">
<arg>enter</arg>
<doc>Press multiple keys down simultaneously.</doc>
<msg timestamp="20240716 17:30:47.684" level="INFO">Pressing keys: Key.enter</msg>
<status status="PASS" starttime="20240716 17:30:47.684" endtime="20240716 17:30:47.795"/>
</kw>
<kw name="Press Keys" library="RPA.Desktop">
<arg>tab</arg>
<doc>Press multiple keys down simultaneously.</doc>
<msg timestamp="20240716 17:30:47.796" level="INFO">Pressing keys: Key.tab</msg>
<status status="PASS" starttime="20240716 17:30:47.795" endtime="20240716 17:30:47.900"/>
</kw>
<kw name="Press Keys" library="RPA.Desktop">
<arg>tab</arg>
<doc>Press multiple keys down simultaneously.</doc>
<msg timestamp="20240716 17:30:47.900" level="INFO">Pressing keys: Key.tab</msg>
<status status="PASS" starttime="20240716 17:30:47.900" endtime="20240716 17:30:48.012"/>
</kw>
<kw name="Press Keys" library="RPA.Desktop">
<arg>enter</arg>
<doc>Press multiple keys down simultaneously.</doc>
<msg timestamp="20240716 17:30:48.012" level="INFO">Pressing keys: Key.enter</msg>
<status status="PASS" starttime="20240716 17:30:48.012" endtime="20240716 17:30:48.129"/>
</kw>
<kw name="Sleep" library="BuiltIn">
<arg>5s</arg>
<doc>Pauses the test executed for the given time.</doc>
<msg timestamp="20240716 17:30:53.141" level="INFO">Slept 5 seconds</msg>
<status status="PASS" starttime="20240716 17:30:48.131" endtime="20240716 17:30:53.142"/>
</kw>
<kw name="Type Text" library="RPA.Desktop">
<arg>Typescript</arg>
<doc>Type text one letter at a time.</doc>
<status status="PASS" starttime="20240716 17:30:53.142" endtime="20240716 17:30:53.148"/>
</kw>
<kw name="Press Keys" library="RPA.Desktop">
<arg>enter</arg>
<doc>Press multiple keys down simultaneously.</doc>
<msg timestamp="20240716 17:30:53.149" level="INFO">Pressing keys: Key.enter</msg>
<status status="PASS" starttime="20240716 17:30:53.149" endtime="20240716 17:30:53.260"/>
</kw>
<kw name="Sleep" library="BuiltIn">
<arg>3s</arg>
<doc>Pauses the test executed for the given time.</doc>
<msg timestamp="20240716 17:30:56.275" level="INFO">Slept 3 seconds</msg>
<status status="PASS" starttime="20240716 17:30:53.260" endtime="20240716 17:30:56.276"/>
</kw>
<kw name="Type Text" library="RPA.Desktop">
<arg>Model V4</arg>
<doc>Type text one letter at a time.</doc>
<status status="PASS" starttime="20240716 17:30:56.276" endtime="20240716 17:30:56.283"/>
</kw>
<kw name="Press Keys" library="RPA.Desktop">
<arg>enter</arg>
<doc>Press multiple keys down simultaneously.</doc>
<msg timestamp="20240716 17:30:56.284" level="INFO">Pressing keys: Key.enter</msg>
<status status="PASS" starttime="20240716 17:30:56.283" endtime="20240716 17:30:56.392"/>
</kw>
<kw name="Type Text" library="RPA.Desktop">
<arg>Skip for now</arg>
<doc>Type text one letter at a time.</doc>
<status status="PASS" starttime="20240716 17:30:56.392" endtime="20240716 17:30:56.499"/>
</kw>
<kw name="Press Keys" library="RPA.Desktop">
<arg>enter</arg>
<doc>Press multiple keys down simultaneously.</doc>
<msg timestamp="20240716 17:30:56.500" level="INFO">Pressing keys: Key.enter</msg>
<status status="PASS" starttime="20240716 17:30:56.499" endtime="20240716 17:30:56.607"/>
</kw>
<kw name="Type Text" library="RPA.Desktop">
<arg>Open in current window</arg>
<doc>Type text one letter at a time.</doc>
<status status="PASS" starttime="20240716 17:30:56.607" endtime="20240716 17:30:56.713"/>
</kw>
<kw name="Press Keys" library="RPA.Desktop">
<arg>enter</arg>
<doc>Press multiple keys down simultaneously.</doc>
<msg timestamp="20240716 17:30:56.714" level="INFO">Pressing keys: Key.enter</msg>
<status status="PASS" starttime="20240716 17:30:56.714" endtime="20240716 17:30:56.825"/>
</kw>
<kw name="Sleep" library="BuiltIn">
<arg>2s</arg>
<doc>Pauses the test executed for the given time.</doc>
<msg timestamp="20240716 17:30:58.838" level="INFO">Slept 2 seconds</msg>
<status status="PASS" starttime="20240716 17:30:56.826" endtime="20240716 17:30:58.838"/>
</kw>
<kw name="Run Keyword If" library="BuiltIn">
<arg>'${dialog_visible}' == 'True'</arg>
<arg>Press Keys</arg>
<arg>enter</arg>
<doc>Runs the given keyword with the given arguments, if ``condition`` is true.</doc>
<status status="PASS" starttime="20240716 17:30:58.839" endtime="20240716 17:30:58.841"/>
</kw>
<kw name="Sleep" library="BuiltIn">
<arg>5s</arg>
<doc>Pauses the test executed for the given time.</doc>
<msg timestamp="20240716 17:31:03.856" level="INFO">Slept 5 seconds</msg>
<status status="PASS" starttime="20240716 17:30:58.841" endtime="20240716 17:31:03.857"/>
</kw>
<status status="PASS" starttime="20240716 17:30:45.196" endtime="20240716 17:31:03.858"/>
</kw>
<kw name="Close VS Code">
<doc>Closes Visual Studio Code.</doc>
<kw name="Press Keys" library="RPA.Desktop">
<arg>alt</arg>
<doc>Press multiple keys down simultaneously.</doc>
<msg timestamp="20240716 17:31:03.858" level="INFO">Pressing keys: Key.alt</msg>
<status status="PASS" starttime="20240716 17:31:03.858" endtime="20240716 17:31:03.858"/>
</kw>
<kw name="Press Keys" library="RPA.Desktop">
<arg>f4</arg>
<doc>Press multiple keys down simultaneously.</doc>
<msg timestamp="20240716 17:31:03.858" level="INFO">Pressing keys: Key.f4</msg>
<status status="PASS" starttime="20240716 17:31:03.858" endtime="20240716 17:31:03.974"/>
</kw>
<kw name="Sleep" library="BuiltIn">
<arg>3s</arg>
<doc>Pauses the test executed for the given time.</doc>
<msg timestamp="20240716 17:31:06.978" level="INFO">Slept 3 seconds</msg>
<status status="PASS" starttime="20240716 17:31:03.974" endtime="20240716 17:31:06.978"/>
</kw>
<status status="PASS" starttime="20240716 17:31:03.858" endtime="20240716 17:31:06.978"/>
</kw>
<doc>This test case opens Visual Studio Code, creates a new Azure Function project, and selects a folder.</doc>
<status status="PASS" starttime="20240716 17:30:23.006" endtime="20240716 17:31:06.978"/>
</test>
<status status="PASS" starttime="20240716 17:30:22.382" endtime="20240716 17:31:06.978"/>
</suite>
<statistics>
<total>
<stat pass="1" fail="0" skip="0">All Tests</stat>
</total>
<tag>
</tag>
<suite>
<stat pass="1" fail="0" skip="0" id="s1" name="Hello">Hello</stat>
</suite>
</statistics>
<errors>
</errors>
</robot>
