<?xml version="1.0" encoding="UTF-8"?>
<robot generator="Robot 6.1.1 (Python 3.10.11 on win32)" generated="20240805 17:39:16.966" rpa="false" schemaversion="4">
<suite id="s1" name="DebugProjectBasicFunctions" source="c:\Users\v-amarnathms\Desktop\Azure-Functions-RF-Test\DebugProjectBasicFunctions.robot">
<test id="s1-t1" name="Opening Project File" line="12">
<kw name="Open VS Code">
<doc>Opens Visual Studio Code and brings it to the foreground.</doc>
<kw name="Start Process" library="Process">
<arg>${VS_CODE_PATH}</arg>
<doc>Starts a new process on background.</doc>
<msg timestamp="20240805 17:39:17.757" level="INFO">Starting process:
"C:\Users\v-amarnathms\AppData\Local\Programs\Microsoft VS Code\Code.exe"</msg>
<status status="PASS" starttime="20240805 17:39:17.757" endtime="20240805 17:39:17.792"/>
</kw>
<kw name="Sleep" library="BuiltIn">
<arg>10s</arg>
<doc>Pauses the test executed for the given time.</doc>
<msg timestamp="20240805 17:39:27.794" level="INFO">Slept 10 seconds</msg>
<status status="PASS" starttime="20240805 17:39:17.793" endtime="20240805 17:39:27.794"/>
</kw>
<status status="PASS" starttime="20240805 17:39:17.757" endtime="20240805 17:39:27.794"/>
</kw>
<kw name="Open Project Folder">
<doc>Opens the existing project folder in VS Code.</doc>
<kw name="Press Keys" library="RPA.Desktop">
<arg>f1</arg>
<doc>Press multiple keys down simultaneously.</doc>
<msg timestamp="20240805 17:39:27.794" level="INFO">Pressing keys: Key.f1</msg>
<status status="PASS" starttime="20240805 17:39:27.794" endtime="20240805 17:39:27.806"/>
</kw>
<kw name="Sleep" library="BuiltIn">
<arg>2s</arg>
<doc>Pauses the test executed for the given time.</doc>
<msg timestamp="20240805 17:39:29.807" level="INFO">Slept 2 seconds</msg>
<status status="PASS" starttime="20240805 17:39:27.806" endtime="20240805 17:39:29.807"/>
</kw>
<kw name="Type Text" library="RPA.Desktop">
<arg>File: Open Folder...</arg>
<doc>Type text one letter at a time.</doc>
<status status="PASS" starttime="20240805 17:39:29.807" endtime="20240805 17:39:29.819"/>
</kw>
<kw name="Press Keys" library="RPA.Desktop">
<arg>enter</arg>
<doc>Press multiple keys down simultaneously.</doc>
<msg timestamp="20240805 17:39:29.820" level="INFO">Pressing keys: Key.enter</msg>
<status status="PASS" starttime="20240805 17:39:29.820" endtime="20240805 17:39:29.923"/>
</kw>
<kw name="Sleep" library="BuiltIn">
<arg>2s</arg>
<doc>Pauses the test executed for the given time.</doc>
<msg timestamp="20240805 17:39:31.939" level="INFO">Slept 2 seconds</msg>
<status status="PASS" starttime="20240805 17:39:29.924" endtime="20240805 17:39:31.939"/>
</kw>
<kw name="Type Text" library="RPA.Desktop">
<arg>${PROJECT_PATH_TS}</arg>
<doc>Type text one letter at a time.</doc>
<status status="PASS" starttime="20240805 17:39:31.939" endtime="20240805 17:39:31.953"/>
</kw>
<kw name="Press Keys" library="RPA.Desktop">
<arg>enter</arg>
<doc>Press multiple keys down simultaneously.</doc>
<msg timestamp="20240805 17:39:31.953" level="INFO">Pressing keys: Key.enter</msg>
<status status="PASS" starttime="20240805 17:39:31.953" endtime="20240805 17:39:32.066"/>
</kw>
<kw name="Press Keys" library="RPA.Desktop">
<arg>enter</arg>
<doc>Press multiple keys down simultaneously.</doc>
<msg timestamp="20240805 17:39:32.066" level="INFO">Pressing keys: Key.enter</msg>
<status status="PASS" starttime="20240805 17:39:32.066" endtime="20240805 17:39:32.179"/>
</kw>
<kw name="Sleep" library="BuiltIn">
<arg>10s</arg>
<doc>Pauses the test executed for the given time.</doc>
<msg timestamp="20240805 17:39:42.182" level="INFO">Slept 10 seconds</msg>
<status status="PASS" starttime="20240805 17:39:32.179" endtime="20240805 17:39:42.182"/>
</kw>
<status status="PASS" starttime="20240805 17:39:27.794" endtime="20240805 17:39:42.182"/>
</kw>
<doc>Opens an existing TypeScript Azure Function project in VS Code.</doc>
<status status="PASS" starttime="20240805 17:39:17.757" endtime="20240805 17:39:42.182"/>
</test>
<test id="s1-t2" name="Debug the Basic Functions Project" line="17">
<kw name="Debug Basic Functions">
<doc>Starts the debugging process.</doc>
<kw name="Press Keys" library="RPA.Desktop">
<arg>f5</arg>
<doc>Press multiple keys down simultaneously.</doc>
<msg timestamp="20240805 17:39:42.186" level="INFO">Pressing keys: Key.f5</msg>
<status status="PASS" starttime="20240805 17:39:42.186" endtime="20240805 17:39:42.187"/>
</kw>
<kw name="Sleep" library="BuiltIn">
<arg>5s</arg>
<doc>Pauses the test executed for the given time.</doc>
<msg timestamp="20240805 17:39:47.193" level="INFO">Slept 5 seconds</msg>
<status status="PASS" starttime="20240805 17:39:42.187" endtime="20240805 17:39:47.193"/>
</kw>
<kw name="Press Keys" library="RPA.Desktop">
<arg>enter</arg>
<doc>Press multiple keys down simultaneously.</doc>
<msg timestamp="20240805 17:39:47.193" level="INFO">Pressing keys: Key.enter</msg>
<status status="PASS" starttime="20240805 17:39:47.193" endtime="20240805 17:39:47.193"/>
</kw>
<kw name="Sleep" library="BuiltIn">
<arg>3s</arg>
<doc>Pauses the test executed for the given time.</doc>
<msg timestamp="20240805 17:39:50.197" level="INFO">Slept 3 seconds</msg>
<status status="PASS" starttime="20240805 17:39:47.193" endtime="20240805 17:39:50.197"/>
</kw>
<kw name="Type Text" library="RPA.Desktop">
<arg>Azure Tools Manual Testing 1</arg>
<doc>Type text one letter at a time.</doc>
<status status="PASS" starttime="20240805 17:39:50.197" endtime="20240805 17:39:50.214"/>
</kw>
<kw name="Sleep" library="BuiltIn">
<arg>2s</arg>
<doc>Pauses the test executed for the given time.</doc>
<msg timestamp="20240805 17:39:52.218" level="INFO">Slept 2 seconds</msg>
<status status="PASS" starttime="20240805 17:39:50.214" endtime="20240805 17:39:52.218"/>
</kw>
<kw name="Press Keys" library="RPA.Desktop">
<arg>enter</arg>
<doc>Press multiple keys down simultaneously.</doc>
<msg timestamp="20240805 17:39:52.219" level="INFO">Pressing keys: Key.enter</msg>
<status status="PASS" starttime="20240805 17:39:52.219" endtime="20240805 17:39:52.219"/>
</kw>
<kw name="Sleep" library="BuiltIn">
<arg>3s</arg>
<doc>Pauses the test executed for the given time.</doc>
<msg timestamp="20240805 17:39:55.224" level="INFO">Slept 3 seconds</msg>
<status status="PASS" starttime="20240805 17:39:52.221" endtime="20240805 17:39:55.224"/>
</kw>
<kw name="Type Text" library="RPA.Desktop">
<arg>amarteststorage2</arg>
<doc>Type text one letter at a time.</doc>
<status status="PASS" starttime="20240805 17:39:55.224" endtime="20240805 17:39:55.236"/>
</kw>
<kw name="Sleep" library="BuiltIn">
<arg>2s</arg>
<doc>Pauses the test executed for the given time.</doc>
<msg timestamp="20240805 17:39:57.248" level="INFO">Slept 2 seconds</msg>
<status status="PASS" starttime="20240805 17:39:55.236" endtime="20240805 17:39:57.248"/>
</kw>
<kw name="Press Keys" library="RPA.Desktop">
<arg>enter</arg>
<doc>Press multiple keys down simultaneously.</doc>
<msg timestamp="20240805 17:39:57.249" level="INFO">Pressing keys: Key.enter</msg>
<status status="PASS" starttime="20240805 17:39:57.248" endtime="20240805 17:39:57.249"/>
</kw>
<status status="PASS" starttime="20240805 17:39:42.184" endtime="20240805 17:39:57.249"/>
</kw>
<doc>Starts debugging for the basic functions project.</doc>
<status status="PASS" starttime="20240805 17:39:42.184" endtime="20240805 17:39:57.252"/>
</test>
<status status="PASS" starttime="20240805 17:39:16.981" endtime="20240805 17:39:57.254"/>
</suite>
<statistics>
<total>
<stat pass="2" fail="0" skip="0">All Tests</stat>
</total>
<tag>
</tag>
<suite>
<stat pass="2" fail="0" skip="0" id="s1" name="DebugProjectBasicFunctions">DebugProjectBasicFunctions</stat>
</suite>
</statistics>
<errors>
</errors>
</robot>
