<?xml version="1.0" encoding="UTF-8"?>
<robot generator="Robot 6.1.1 (Python 3.10.11 on win32)" generated="20240806 14:26:11.779" rpa="false" schemaversion="4">
<suite id="s1" name="DebugProjectBasicFunctions" source="c:\Users\v-amarnathms\Desktop\Azure-Functions-RF-Test\DebugProjectBasicFunctions.robot">
<test id="s1-t1" name="Opening Project File" line="13">
<kw name="Open VS Code">
<doc>Opens Visual Studio Code and brings it to the foreground.</doc>
<kw name="Start Process" library="Process">
<arg>${VS_CODE_PATH}</arg>
<doc>Starts a new process on background.</doc>
<msg timestamp="20240806 14:26:13.055" level="INFO">Starting process:
"C:\Users\v-amarnathms\AppData\Local\Programs\Microsoft VS Code\Code.exe"</msg>
<status status="PASS" starttime="20240806 14:26:13.054" endtime="20240806 14:26:13.077"/>
</kw>
<kw name="Sleep" library="BuiltIn">
<arg>10s</arg>
<doc>Pauses the test executed for the given time.</doc>
<msg timestamp="20240806 14:26:23.092" level="INFO">Slept 10 seconds</msg>
<status status="PASS" starttime="20240806 14:26:13.078" endtime="20240806 14:26:23.092"/>
</kw>
<status status="PASS" starttime="20240806 14:26:13.053" endtime="20240806 14:26:23.093"/>
</kw>
<kw name="Open Project Folder">
<doc>Opens the existing project folder in VS Code.</doc>
<kw name="Press Keys" library="RPA.Desktop">
<arg>f1</arg>
<doc>Press multiple keys down simultaneously.</doc>
<msg timestamp="20240806 14:26:23.095" level="INFO">Pressing keys: Key.f1</msg>
<status status="PASS" starttime="20240806 14:26:23.094" endtime="20240806 14:26:23.097"/>
</kw>
<kw name="Sleep" library="BuiltIn">
<arg>2s</arg>
<doc>Pauses the test executed for the given time.</doc>
<msg timestamp="20240806 14:26:25.108" level="INFO">Slept 2 seconds</msg>
<status status="PASS" starttime="20240806 14:26:23.098" endtime="20240806 14:26:25.109"/>
</kw>
<kw name="Type Text" library="RPA.Desktop">
<arg>File: Open Folder...</arg>
<doc>Type text one letter at a time.</doc>
<status status="PASS" starttime="20240806 14:26:25.109" endtime="20240806 14:26:25.129"/>
</kw>
<kw name="Press Keys" library="RPA.Desktop">
<arg>enter</arg>
<doc>Press multiple keys down simultaneously.</doc>
<msg timestamp="20240806 14:26:25.129" level="INFO">Pressing keys: Key.enter</msg>
<status status="PASS" starttime="20240806 14:26:25.129" endtime="20240806 14:26:25.234"/>
</kw>
<kw name="Sleep" library="BuiltIn">
<arg>2s</arg>
<doc>Pauses the test executed for the given time.</doc>
<msg timestamp="20240806 14:26:27.246" level="INFO">Slept 2 seconds</msg>
<status status="PASS" starttime="20240806 14:26:25.234" endtime="20240806 14:26:27.247"/>
</kw>
<kw name="Type Text" library="RPA.Desktop">
<arg>${PROJECT_PATH_TS}</arg>
<doc>Type text one letter at a time.</doc>
<status status="PASS" starttime="20240806 14:26:27.249" endtime="20240806 14:26:27.259"/>
</kw>
<kw name="Press Keys" library="RPA.Desktop">
<arg>enter</arg>
<doc>Press multiple keys down simultaneously.</doc>
<msg timestamp="20240806 14:26:27.260" level="INFO">Pressing keys: Key.enter</msg>
<status status="PASS" starttime="20240806 14:26:27.260" endtime="20240806 14:26:27.370"/>
</kw>
<kw name="Press Keys" library="RPA.Desktop">
<arg>enter</arg>
<doc>Press multiple keys down simultaneously.</doc>
<msg timestamp="20240806 14:26:27.371" level="INFO">Pressing keys: Key.enter</msg>
<status status="PASS" starttime="20240806 14:26:27.370" endtime="20240806 14:26:27.480"/>
</kw>
<kw name="Sleep" library="BuiltIn">
<arg>10s</arg>
<doc>Pauses the test executed for the given time.</doc>
<msg timestamp="20240806 14:26:37.487" level="INFO">Slept 10 seconds</msg>
<status status="PASS" starttime="20240806 14:26:27.480" endtime="20240806 14:26:37.487"/>
</kw>
<status status="PASS" starttime="20240806 14:26:23.094" endtime="20240806 14:26:37.489"/>
</kw>
<doc>Opens an existing TypeScript Azure Function project in VS Code.</doc>
<status status="PASS" starttime="20240806 14:26:13.052" endtime="20240806 14:26:37.490"/>
</test>
<test id="s1-t2" name="Debug the Basic Functions Project" line="18">
<kw name="Debug Basic Functions">
<doc>Starts the debugging process.</doc>
<kw name="Press Keys" library="RPA.Desktop">
<arg>f5</arg>
<doc>Press multiple keys down simultaneously.</doc>
<msg timestamp="20240806 14:26:37.496" level="INFO">Pressing keys: Key.f5</msg>
<status status="PASS" starttime="20240806 14:26:37.496" endtime="20240806 14:26:37.499"/>
</kw>
<kw name="Sleep" library="BuiltIn">
<arg>5s</arg>
<doc>Pauses the test executed for the given time.</doc>
<msg timestamp="20240806 14:26:42.513" level="INFO">Slept 5 seconds</msg>
<status status="PASS" starttime="20240806 14:26:37.500" endtime="20240806 14:26:42.514"/>
</kw>
<kw name="Click" library="RPA.Windows">
<arg>id:CommandButton_100</arg>
<tag>action</tag>
<tag>mouse</tag>
<doc>Mouse click on element matching given locator.</doc>
<msg timestamp="20240806 14:26:42.520" level="INFO">Getting element with locator: id:CommandButton_100</msg>
<msg timestamp="20240806 14:26:42.534" level="INFO">Resulted root element: WindowsElement(item=&lt;uiautomation.uiautomation.PaneControl object at 0x00000118F6007220&gt;, locator=None, name='Desktop 1', automation_id='', control_type='PaneControl', class_name='#32769', left=0, right=1920, top=0, bottom=1080, width=1920, height=1080, xcenter=960, ycenter=540)</msg>
<msg timestamp="20240806 14:26:42.534" level="INFO">Locator 'id:CommandButton_100' produced matcher: MatchObject(locators=[('AutomationId', 'CommandButton_100', 0)], _classes=set(), max_level=0)</msg>
<msg timestamp="20240806 14:26:42.665" level="INFO">Returning element: WindowsElement(item=&lt;uiautomation.uiautomation.ButtonControl object at 0x00000118F60074F0&gt;, locator='id:CommandButton_100', name='Connect Storage Account', automation_id='CommandButton_100', control_type='ButtonControl', class_name='CCPushButton', left=769, right=1024, top=505, bottom=542, width=255, height=37, xcenter=896, ycenter=523)</msg>
<status status="PASS" starttime="20240806 14:26:42.515" endtime="20240806 14:26:43.264"/>
</kw>
<status status="PASS" starttime="20240806 14:26:37.495" endtime="20240806 14:26:43.265"/>
</kw>
<doc>Starts debugging for the basic functions project.</doc>
<status status="PASS" starttime="20240806 14:26:37.494" endtime="20240806 14:26:43.266"/>
</test>
<status status="PASS" starttime="20240806 14:26:11.785" endtime="20240806 14:26:43.267"/>
</suite>
<statistics>
<total>
<stat pass="2" fail="0" skip="0">All Tests</stat>
</total>
<tag>
</tag>
<suite>
<stat pass="2" fail="0" skip="0" id="s1" name="DebugProjectBasicFunctions">DebugProjectBasicFunctions</stat>
</suite>
</statistics>
<errors>
</errors>
</robot>
